<?xml version="1.0" encoding="UTF-8"?>
<!-- Generated by org.testng.reporters.JUnitReportReporter -->
<testsuite hostname="LAPTOP-9BPI7LOE" failures="0" tests="1" name="pruebas.laboratorio4_E1" time="2.577" errors="0" timestamp="2022-09-03T16:27:19 ART" skipped="0">
  <testcase classname="pruebas.laboratorio4_E1" name="irRegistroLogin" time="2.577"/>
  <system-out/>
</testsuite> <!-- pruebas.laboratorio4_E1 -->
