<?xml version="1.0" encoding="UTF-8"?>
<!-- Generated by org.testng.reporters.JUnitReportReporter -->
<testsuite hostname="LAPTOP-9BPI7LOE" failures="0" tests="2" name="pruebas.laboratorio5_E1" time="4.960" errors="0" timestamp="2022-09-03T17:22:09 ART" skipped="0">
  <testcase classname="pruebas.laboratorio5_E1" name="irRegistroLogin" time="1.758"/>
  <system-out/>
  <testcase classname="pruebas.laboratorio5_E1" name="irRegistroLogin" time="3.202"/>
  <system-out/>
</testsuite> <!-- pruebas.laboratorio5_E1 -->
