<?xml version="1.0" encoding="UTF-8"?>
<!-- Generated by org.testng.reporters.JUnitReportReporter -->
<testsuite hostname="LAPTOP-9BPI7LOE" failures="0" tests="1" name="Eduit.Educacionit.laboratorio3_ejercicio1" time="4.374" errors="0" timestamp="2022-08-27T15:55:11 ART" skipped="0">
  <testcase classname="Eduit.Educacionit.laboratorio3_ejercicio1" name="registroUsuario" time="4.374"/>
  <system-out/>
</testsuite> <!-- Eduit.Educacionit.laboratorio3_ejercicio1 -->
